c:\programmieren\hans\gthub\lnc\cpp\opengl\gameoflife\vs\gameoflife\tmp\x64-release\vc142.pdb
c:\programmieren\hans\gthub\lnc\cpp\opengl\gameoflife\vs\gameoflife\tmp\x64-release\main.obj
c:\programmieren\hans\gthub\lnc\cpp\opengl\gameoflife\vs\gameoflife\tmp\x64-release\vec4.obj
c:\programmieren\hans\gthub\lnc\cpp\opengl\gameoflife\vs\gameoflife\tmp\x64-release\vec3.obj
c:\programmieren\hans\gthub\lnc\cpp\opengl\gameoflife\vs\gameoflife\tmp\x64-release\tesselation.obj
c:\programmieren\hans\gthub\lnc\cpp\opengl\gameoflife\vs\gameoflife\tmp\x64-release\rand.obj
c:\programmieren\hans\gthub\lnc\cpp\opengl\gameoflife\vs\gameoflife\tmp\x64-release\mat4.obj
c:\programmieren\hans\gthub\lnc\cpp\opengl\gameoflife\vs\gameoflife\tmp\x64-release\gltexture2d.obj
c:\programmieren\hans\gthub\lnc\cpp\opengl\gameoflife\vs\gameoflife\tmp\x64-release\gltexture1d.obj
c:\programmieren\hans\gthub\lnc\cpp\opengl\gameoflife\vs\gameoflife\tmp\x64-release\glprogram.obj
c:\programmieren\hans\gthub\lnc\cpp\opengl\gameoflife\vs\gameoflife\tmp\x64-release\glenv.obj
c:\programmieren\hans\gthub\lnc\cpp\opengl\gameoflife\vs\gameoflife\tmp\x64-release\glbuffer.obj
c:\programmieren\hans\gthub\lnc\cpp\opengl\gameoflife\vs\gameoflife\tmp\x64-release\glarray.obj
c:\programmieren\hans\gthub\lnc\cpp\opengl\gameoflife\vs\gameoflife\tmp\x64-release\glframebuffer.obj
c:\programmieren\hans\gthub\lnc\cpp\opengl\gameoflife\vs\gameoflife\tmp\x64-release\gameoflife.tlog\cl.command.1.tlog
c:\programmieren\hans\gthub\lnc\cpp\opengl\gameoflife\vs\gameoflife\tmp\x64-release\gameoflife.tlog\cl.read.1.tlog
c:\programmieren\hans\gthub\lnc\cpp\opengl\gameoflife\vs\gameoflife\tmp\x64-release\gameoflife.tlog\cl.write.1.tlog
c:\programmieren\hans\gthub\lnc\cpp\opengl\gameoflife\vs\gameoflife\tmp\x64-release\gameoflife.tlog\link.command.1.tlog
c:\programmieren\hans\gthub\lnc\cpp\opengl\gameoflife\vs\gameoflife\tmp\x64-release\gameoflife.tlog\link.read.1.tlog
c:\programmieren\hans\gthub\lnc\cpp\opengl\gameoflife\vs\gameoflife\tmp\x64-release\gameoflife.tlog\link.write.1.tlog
